<Page>
    <Label text="Label created within a page declarative file with css."/>
</Page>